2023-03-19 21:03:05.008 [main] INFO  calculator.Calculator - [SQUARE ROOT]: 25.0
2023-03-19 21:03:05.014 [main] INFO  calculator.Calculator - [SQUARE ROOT- RESULT]: 5.0
2023-03-19 21:04:15.261 [main] INFO  calculator.Calculator - [SQUARE ROOT] - 256.0
2023-03-19 21:04:15.267 [main] INFO  calculator.Calculator - [SQUARE ROOT- RESULT] - 16.0
2023-03-19 21:06:15.453 [main] INFO  calculator.Calculator - [SQUARE ROOT] - 16.0
2023-03-19 21:06:15.457 [main] INFO  calculator.Calculator - [SQUARE ROOT- RESULT] - 4.0
2023-03-19 21:06:15.457 [main] INFO  calculator.Calculator - [SQUARE ROOT] - 1.0
2023-03-19 21:06:15.457 [main] INFO  calculator.Calculator - [SQUARE ROOT- RESULT] - 1.0
2023-03-19 21:06:15.458 [main] INFO  calculator.Calculator - [SQUARE ROOT] - 81.0
2023-03-19 21:06:15.458 [main] INFO  calculator.Calculator - [SQUARE ROOT- RESULT] - 9.0
2023-03-19 21:06:15.458 [main] INFO  calculator.Calculator - [SQUARE ROOT] - 36.0
2023-03-19 21:06:15.458 [main] INFO  calculator.Calculator - [SQUARE ROOT- RESULT] - 6.0
2023-03-20 14:43:53.872 [main] INFO  calculator.Calculator - [SQUARE ROOT] - 216.0
2023-03-20 14:43:53.877 [main] INFO  calculator.Calculator - [SQUARE ROOT- RESULT] - 14.696938456699069
2023-03-20 14:44:07.546 [main] INFO  calculator.Calculator - [SQUARE ROOT] - 256.0
2023-03-20 14:44:07.546 [main] INFO  calculator.Calculator - [SQUARE ROOT- RESULT] - 16.0
2023-03-20 14:45:02.245 [main] INFO  calculator.Calculator - [SQUARE ROOT] - 25.0
2023-03-20 14:45:02.247 [main] INFO  calculator.Calculator - [SQUARE ROOT- RESULT] - 5.0
2023-03-20 14:45:02.248 [main] INFO  calculator.Calculator - [SQUARE ROOT] - 256.0
2023-03-20 14:45:02.248 [main] INFO  calculator.Calculator - [SQUARE ROOT- RESULT] - 16.0
2023-03-20 14:45:02.248 [main] INFO  calculator.Calculator - [SQUARE ROOT] - 1.0
2023-03-20 14:45:02.248 [main] INFO  calculator.Calculator - [SQUARE ROOT- RESULT] - 1.0
2023-03-20 14:47:54.237 [main] INFO  calculator.Calculator - [SQUARE ROOT] - 225.0
2023-03-20 14:47:54.241 [main] INFO  calculator.Calculator - [SQUARE ROOT- RESULT] - 15.0
2023-03-20 14:47:58.509 [main] INFO  calculator.Calculator - [SQUARE ROOT] - 144.0
2023-03-20 14:47:58.510 [main] INFO  calculator.Calculator - [SQUARE ROOT- RESULT] - 12.0
2023-03-20 15:05:52.601 [main] INFO  calculator.Calculator - [SQUARE ROOT] - 25.0
2023-03-20 15:05:52.603 [main] INFO  calculator.Calculator - [SQUARE ROOT- RESULT] - 5.0
2023-03-20 15:05:52.603 [main] INFO  calculator.Calculator - [SQUARE ROOT] - 256.0
2023-03-20 15:05:52.604 [main] INFO  calculator.Calculator - [SQUARE ROOT- RESULT] - 16.0
2023-03-20 15:05:52.604 [main] INFO  calculator.Calculator - [SQUARE ROOT] - 1.0
2023-03-20 15:05:52.604 [main] INFO  calculator.Calculator - [SQUARE ROOT- RESULT] - 1.0
2023-03-20 15:05:52.605 [main] INFO  calculator.Calculator - [SQUARE ROOT] - 9.0
2023-03-20 15:05:52.605 [main] INFO  calculator.Calculator - [SQUARE ROOT- RESULT] - 3.0
2023-03-20 15:05:52.606 [main] INFO  calculator.Calculator - [SQUARE ROOT] - 36.0
2023-03-20 15:05:52.606 [main] INFO  calculator.Calculator - [SQUARE ROOT- RESULT] - 6.0
2023-03-20 15:05:52.606 [main] INFO  calculator.Calculator - [SQUARE ROOT] - 144.0
2023-03-20 15:05:52.606 [main] INFO  calculator.Calculator - [SQUARE ROOT- RESULT] - 12.0
2023-03-20 15:05:52.606 [main] INFO  calculator.Calculator - [SQUARE ROOT] - 225.0
2023-03-20 15:05:52.606 [main] INFO  calculator.Calculator - [SQUARE ROOT- RESULT] - 15.0
2023-03-20 19:12:33.420 [main] INFO  calculator.Calculator - [SQUARE ROOT] - 1000.0
2023-03-20 19:12:33.426 [main] INFO  calculator.Calculator - [SQUARE ROOT- RESULT] - 31.622776601683793
2023-03-21 12:31:05.424 [main] INFO  calculator.Calculator - [SQUARE ROOT] - 25.0
2023-03-21 12:31:05.428 [main] INFO  calculator.Calculator - [SQUARE ROOT- RESULT] - 5.0
2023-03-21 12:31:08.956 [main] INFO  calculator.Calculator - [SQUARE ROOT] - 36.0
2023-03-21 12:31:08.957 [main] INFO  calculator.Calculator - [SQUARE ROOT- RESULT] - 6.0
2023-03-21 12:31:18.593 [main] INFO  calculator.Calculator - [SQUARE ROOT] - 1024.0
2023-03-21 12:31:18.593 [main] INFO  calculator.Calculator - [SQUARE ROOT- RESULT] - 32.0
2023-03-21 13:12:28.276 [main] INFO  calculator.Calculator - [FACTORIAL] - 5.0
2023-03-21 13:12:28.280 [main] INFO  calculator.Calculator - [FACTORIAL - RESULT] - 24.0
2023-03-21 13:13:06.349 [main] INFO  calculator.Calculator - [FACTORIAL] - 5.0
2023-03-21 13:13:06.354 [main] INFO  calculator.Calculator - [FACTORIAL - RESULT] - 120.0
2023-03-21 13:13:21.839 [main] INFO  calculator.Calculator - [FACTORIAL] - 6.0
2023-03-21 13:13:21.843 [main] INFO  calculator.Calculator - [FACTORIAL - RESULT] - 720.0
2023-03-21 13:13:26.403 [main] INFO  calculator.Calculator - [FACTORIAL] - 40.0
2023-03-21 13:13:26.404 [main] INFO  calculator.Calculator - [FACTORIAL - RESULT] - 8.159152832478977E47
2023-03-21 13:13:42.451 [main] INFO  calculator.Calculator - [FACTORIAL] - 36.0
2023-03-21 13:13:42.452 [main] INFO  calculator.Calculator - [FACTORIAL - RESULT] - 3.719933267899012E41
2023-03-21 13:13:47.437 [main] INFO  calculator.Calculator - [FACTORIAL] - 15.0
2023-03-21 13:13:47.437 [main] INFO  calculator.Calculator - [FACTORIAL - RESULT] - 1.307674368E12
2023-03-21 13:13:51.948 [main] INFO  calculator.Calculator - [FACTORIAL] - 10.0
2023-03-21 13:13:51.948 [main] INFO  calculator.Calculator - [FACTORIAL - RESULT] - 3628800.0
2023-03-21 13:16:30.664 [main] INFO  calculator.Calculator - [FACTORIAL] - 5
2023-03-21 13:16:30.667 [main] INFO  calculator.Calculator - [FACTORIAL - RESULT] - 120
2023-03-21 13:16:34.471 [main] INFO  calculator.Calculator - [FACTORIAL] - 10
2023-03-21 13:16:34.471 [main] INFO  calculator.Calculator - [FACTORIAL - RESULT] - 3628800
2023-03-21 13:16:37.797 [main] INFO  calculator.Calculator - [FACTORIAL] - 11
2023-03-21 13:16:37.798 [main] INFO  calculator.Calculator - [FACTORIAL - RESULT] - 39916800
2023-03-21 13:16:41.528 [main] INFO  calculator.Calculator - [FACTORIAL] - 40
2023-03-21 13:16:41.528 [main] INFO  calculator.Calculator - [FACTORIAL - RESULT] - 0
2023-03-21 13:16:47.952 [main] INFO  calculator.Calculator - [FACTORIAL] - 36
2023-03-21 13:16:47.952 [main] INFO  calculator.Calculator - [FACTORIAL - RESULT] - 0
2023-03-21 13:16:51.246 [main] INFO  calculator.Calculator - [FACTORIAL] - 20
2023-03-21 13:16:51.246 [main] INFO  calculator.Calculator - [FACTORIAL - RESULT] - -2102132736
2023-03-21 13:17:39.747 [main] INFO  calculator.Calculator - [FACTORIAL] - 16
2023-03-21 13:17:39.747 [main] INFO  calculator.Calculator - [FACTORIAL - RESULT] - 2004189184
2023-03-21 13:17:42.860 [main] INFO  calculator.Calculator - [FACTORIAL] - 17
2023-03-21 13:17:42.861 [main] INFO  calculator.Calculator - [FACTORIAL - RESULT] - -288522240
2023-03-21 13:50:03.726 [main] INFO  calculator.Calculator - [FACTORIAL] - -1
2023-03-21 13:50:03.730 [main] INFO  calculator.Calculator - [FACTORIAL - RESULT] - -1
2023-03-21 13:50:13.993 [main] INFO  calculator.Calculator - [FACTORIAL] - -2
2023-03-21 13:50:13.994 [main] INFO  calculator.Calculator - [FACTORIAL - RESULT] - 2
2023-03-21 19:17:45.001 [main] INFO  calculator.Calculator - [FACTORIAL] - 0
2023-03-21 19:17:45.008 [main] INFO  calculator.Calculator - [FACTORIAL - RESULT] - 1
2023-03-21 19:22:51.792 [main] INFO  calculator.Calculator - [NATURAL LOGARITHM] - 3.0
2023-03-21 19:22:51.797 [main] INFO  calculator.Calculator - [NATURAL LOGARITHM- RESULT] - 1.0986122886681098
2023-03-21 19:23:17.597 [main] INFO  calculator.Calculator - [NATURAL LOGARITHM] - 1.0
2023-03-21 19:23:17.598 [main] INFO  calculator.Calculator - [NATURAL LOGARITHM- RESULT] - 0.0
2023-03-21 19:23:31.602 [main] INFO  calculator.Calculator - [NATURAL LOGARITHM] - 5.0
2023-03-21 19:23:31.603 [main] INFO  calculator.Calculator - [NATURAL LOGARITHM- RESULT] - 1.6094379124341003
2023-03-21 19:26:06.849 [main] INFO  calculator.Calculator - [POWER FUNCTION] - 2.0RAISED TO THE POWER 2.0
2023-03-21 19:26:06.850 [main] INFO  calculator.Calculator - [POWER FUNCTION- RESULT] - 4.0
2023-03-21 19:26:18.808 [main] INFO  calculator.Calculator - [POWER FUNCTION] - 3.0RAISED TO THE POWER 5.0
2023-03-21 19:26:18.809 [main] INFO  calculator.Calculator - [POWER FUNCTION- RESULT] - 243.0
2023-03-21 19:26:50.548 [main] INFO  calculator.Calculator - [POWER FUNCTION] - 6.0RAISED TO THE POWER 3.0
2023-03-21 19:26:50.549 [main] INFO  calculator.Calculator - [POWER FUNCTION- RESULT] - 216.0
2023-03-21 19:27:13.051 [main] INFO  calculator.Calculator - [POWER FUNCTION] - 7.0RAISED TO THE POWER 4.0
2023-03-21 19:27:13.052 [main] INFO  calculator.Calculator - [POWER FUNCTION- RESULT] - 2401.0
2023-03-21 19:27:32.813 [main] INFO  calculator.Calculator - [POWER FUNCTION] - 1.0RAISED TO THE POWER 5.0
2023-03-21 19:27:32.814 [main] INFO  calculator.Calculator - [POWER FUNCTION- RESULT] - 1.0
2023-03-21 19:28:32.592 [main] INFO  calculator.Calculator - [SQUARE ROOT] - 25.0
2023-03-21 19:28:32.593 [main] INFO  calculator.Calculator - [SQUARE ROOT- RESULT] - 5.0
2023-03-21 19:28:41.533 [main] INFO  calculator.Calculator - [SQUARE ROOT] - 256.0
2023-03-21 19:28:41.533 [main] INFO  calculator.Calculator - [SQUARE ROOT- RESULT] - 16.0
2023-03-21 19:28:50.706 [main] INFO  calculator.Calculator - [SQUARE ROOT] - 1.0
2023-03-21 19:28:50.707 [main] INFO  calculator.Calculator - [SQUARE ROOT- RESULT] - 1.0
